<?xml version="1.0" encoding="UTF-8"?>
<!-- Generated by org.testng.reporters.JUnitReportReporter -->
<testsuite hostname="LAPTOP-G2SCCRL1" failures="0" tests="13" name="NewLine_Tests" time="12.868" errors="0" timestamp="2022-11-27T04:25:11 GMT-05:00" skipped="0">
  <testcase classname="NewLine_Tests" name="tC_001_INVALID" time="1.553"/>
  <system-out/>
  <testcase classname="NewLine_Tests" name="tC_001_VALID" time="0.928"/>
  <system-out/>
  <testcase classname="NewLine_Tests" name="tC_004_VALID" time="1.338"/>
  <system-out/>
  <testcase classname="NewLine_Tests" name="tC_005_VALID" time="1.087"/>
  <system-out/>
  <testcase classname="NewLine_Tests" name="tC_006_VALID" time="0.877"/>
  <system-out/>
  <testcase classname="NewLine_Tests" name="tC_002_VALID" time="1.127"/>
  <system-out/>
  <testcase classname="NewLine_Tests" name="tC_007_INVALID" time="1.339"/>
  <system-out/>
  <testcase classname="NewLine_Tests" name="tC_003_VALID" time="0.736"/>
  <system-out/>
  <testcase classname="NewLine_Tests" name="tC_004_INVALID" time="0.869"/>
  <system-out/>
  <testcase classname="NewLine_Tests" name="tC_006_INVALID" time="0.979"/>
  <system-out/>
  <testcase classname="NewLine_Tests" name="tC_003_INVALID" time="0.859"/>
  <system-out/>
  <testcase classname="NewLine_Tests" name="tC_002_INVALID" time="0.837"/>
  <system-out/>
  <testcase classname="NewLine_Tests" name="tC_005_INVALID" time="0.339"/>
  <system-out/>
</testsuite> <!-- NewLine_Tests -->
