<?xml version="1.0" encoding="UTF-8"?>
<!-- Generated by org.testng.reporters.JUnitReportReporter -->
<testsuite hostname="LAPTOP-G2SCCRL1" failures="0" tests="13" name="NewLine_Tests" time="17.664" errors="0" timestamp="2022-11-06T03:31:06 GMT-05:00" skipped="0">
  <testcase classname="NewLine_Tests" name="tC_004_VALID" time="1.828"/>
  <system-out/>
  <testcase classname="NewLine_Tests" name="tC_002_VALID" time="1.716"/>
  <system-out/>
  <testcase classname="NewLine_Tests" name="tC_007_INVALID" time="1.614"/>
  <system-out/>
  <testcase classname="NewLine_Tests" name="tC_003_VALID" time="0.941"/>
  <system-out/>
  <testcase classname="NewLine_Tests" name="tC_001_INVALID" time="2.122"/>
  <system-out/>
  <testcase classname="NewLine_Tests" name="tC_002_INVALID" time="1.196"/>
  <system-out/>
  <testcase classname="NewLine_Tests" name="tC_005_VALID" time="1.681"/>
  <system-out/>
  <testcase classname="NewLine_Tests" name="tC_003_INVALID" time="1.027"/>
  <system-out/>
  <testcase classname="NewLine_Tests" name="tC_005_INVALID" time="0.611"/>
  <system-out/>
  <testcase classname="NewLine_Tests" name="tC_001_VALID" time="1.165"/>
  <system-out/>
  <testcase classname="NewLine_Tests" name="tC_004_INVALID" time="1.222"/>
  <system-out/>
  <testcase classname="NewLine_Tests" name="tC_006_INVALID" time="1.021"/>
  <system-out/>
  <testcase classname="NewLine_Tests" name="tC_006_VALID" time="1.520"/>
  <system-out/>
</testsuite> <!-- NewLine_Tests -->
